   1              	 .cpu cortex-m0
   2              	 .fpu softvfp
   3              	 .eabi_attribute 20,1
   4              	 .eabi_attribute 21,1
   5              	 .eabi_attribute 23,3
   6              	 .eabi_attribute 24,1
   7              	 .eabi_attribute 25,1
   8              	 .eabi_attribute 26,1
   9              	 .eabi_attribute 30,6
  10              	 .eabi_attribute 34,0
  11              	 .eabi_attribute 18,4
  12              	 .code 16
  13              	 .file "variables.c"
  14              	 .text
  15              	.Ltext0:
  16              	 .cfi_sections .debug_frame
  17              	 .comm tx_config,8,4
  18              	 .comm rx_config,8,4
  19              	 .comm uart_config,12,4
  20              	 .comm pcs_button_config,8,4
  21              	 .comm CAN0_txd_config,8,4
  22              	 .comm CAN0_rxd_config,8,4
  23              	 .comm can_baud,12,4
  24              	 .comm msgObjToPCS,32,8
  25              	 .comm msgObjFromPCS,32,8
  26              	 .comm tx_genix_config,8,4
  27              	 .comm rx_genix_config,8,4
  28              	 .comm uart_genix_config,12,4
  29              	 .comm led,8,4
  30              	 .comm button,8,4
  31              	 .comm dipswitch_config,8,4
  32              	 .comm g_global_handle,24,4
  33              	 .comm g_group_handle,20,4
  34              	 .comm g_queue_handle,12,4
  35              	 .comm g_queue_entry,16,4
  36              	 .comm g_channel_handle,64,4
  37              	 .comm g_result_handle,16,4
  38              	 .comm adc_io,8,4
  39              	 .comm relay_KMP,8,4
  40              	 .comm relay_KMF,8,4
  41              	 .comm relay_KDSG,8,4
  42              	 .comm relay_KBAT,8,4
  43              	 .comm SLICE0_config,8,4
  44              	 .comm SLICE1_config,8,4
  45              	 .comm SLICE2_config,8,4
  46              	 .comm sysTickParamHandle,6,4
  47              	 .comm pcsBmsStatus,4,4
  48              	 .comm bmsSensor,8,4
  49              	 .comm pcsVoltages,8,4
  50              	 .comm pcsCurrents,8,4
  51              	 .comm pcsPowers,8,4
  52              	 .comm pcsMiscs,4,4
  53              	 .comm pcsSystemStatus,5,4
  54              	 .comm pcsDCgridStatus,4,4
  55              	 .comm pcsACinvStatus,4,4
  56              	 .comm pcsPVconvStatus,4,4
  57              	 .comm pcsBatconvStatus,4,4
  58              	 .comm data_group,80,4
  59              	 .comm buffptr,4,4
  60              	 .comm espBuffer,80,4
  61              	 .comm pduSensorRaw,8,4
  62              	 .comm pduSensorAvg,20,4
  63              	 .comm pduSensor,16,4
  64              	 .comm genix_data,8,4
  65              	.Letext0:
  66              	 .file 1 "d:\\software\\dave_4-4-2_64bit_2018-02-23\\dave_4-4-2_64bit_2018-02-23\\dave-ide-4.4.2-64bit\\dave-ide-4.4.2-64bit\\eclipse\\arm-gcc-49\\arm-none-eabi\\include\\machine\\_default_types.h"
  67              	 .file 2 "d:\\software\\dave_4-4-2_64bit_2018-02-23\\dave_4-4-2_64bit_2018-02-23\\dave-ide-4.4.2-64bit\\dave-ide-4.4.2-64bit\\eclipse\\arm-gcc-49\\arm-none-eabi\\include\\stdint.h"
  68              	 .file 3 "C:/Users/Lenovo/workspace/dave_workspace/SOLAR_TOWER_XMC/Libraries/CMSIS/Infineon/XMC1400_series/Include/XMC1400.h"
  69              	 .file 4 "C:/Users/Lenovo/workspace/dave_workspace/SOLAR_TOWER_XMC/Libraries/XMCLib/inc/xmc_gpio.h"
  70              	 .file 5 "C:/Users/Lenovo/workspace/dave_workspace/SOLAR_TOWER_XMC/Libraries/XMCLib/inc/xmc1_gpio.h"
  71              	 .file 6 "C:/Users/Lenovo/workspace/dave_workspace/SOLAR_TOWER_XMC/Libraries/XMCLib/inc/xmc_usic.h"
  72              	 .file 7 "C:/Users/Lenovo/workspace/dave_workspace/SOLAR_TOWER_XMC/Libraries/XMCLib/inc/xmc_uart.h"
  73              	 .file 8 "C:/Users/Lenovo/workspace/dave_workspace/SOLAR_TOWER_XMC/interconnect/esp32/esp32_op.h"
  74              	 .file 9 "C:/Users/Lenovo/workspace/dave_workspace/SOLAR_TOWER_XMC/Libraries/XMCLib/inc/xmc_ccu4.h"
  75              	 .file 10 "C:/Users/Lenovo/workspace/dave_workspace/SOLAR_TOWER_XMC/Libraries/XMCLib/inc/xmc_can.h"
  76              	 .file 11 "C:/Users/Lenovo/workspace/dave_workspace/SOLAR_TOWER_XMC/interconnect/pcs/pcs_op.h"
  77              	 .file 12 "C:/Users/Lenovo/workspace/dave_workspace/SOLAR_TOWER_XMC/interconnect/genix/genix_op.h"
  78              	 .file 13 "C:/Users/Lenovo/workspace/dave_workspace/SOLAR_TOWER_XMC/Libraries/XMCLib/inc/xmc_vadc.h"
  79              	 .file 14 "C:/Users/Lenovo/workspace/dave_workspace/SOLAR_TOWER_XMC/interconnect/pdu/pdu_op.h"
  80              	 .file 15 "../variables/variables.h"
  81              	 .file 16 "C:/Users/Lenovo/workspace/dave_workspace/SOLAR_TOWER_XMC/Libraries/CMSIS/Include/cmsis_gcc.h"
  82              	 .file 17 "C:/Users/Lenovo/workspace/dave_workspace/SOLAR_TOWER_XMC/Libraries/CMSIS/Infineon/XMC1400_series/Include/system_XMC1400.h"
  83              	 .file 18 "C:/Users/Lenovo/workspace/dave_workspace/SOLAR_TOWER_XMC/interconnect/esp32/esp32_op_conf.h"
  84              	 .file 19 "C:/Users/Lenovo/workspace/dave_workspace/SOLAR_TOWER_XMC/interconnect/pcs/pcs_op_conf.h"
  85              	 .file 20 "C:/Users/Lenovo/workspace/dave_workspace/SOLAR_TOWER_XMC/interconnect/genix/genix_op_conf.h"
  86              	 .file 21 "C:/Users/Lenovo/workspace/dave_workspace/SOLAR_TOWER_XMC/interconnect/gpios/gpio_op_conf.h"
  87              	 .file 22 "C:/Users/Lenovo/workspace/dave_workspace/SOLAR_TOWER_XMC/interconnect/pdu/pdu_op_conf.h"
  88              	 .file 23 "C:/Users/Lenovo/workspace/dave_workspace/SOLAR_TOWER_XMC/interconnect/timing/timing_op_conf.h"
  89              	 .file 24 "../variables/variables.c"
DEFINED SYMBOLS
                            *ABS*:00000000 variables.c
                            *COM*:00000008 tx_config
                            *COM*:00000008 rx_config
                            *COM*:0000000c uart_config
                            *COM*:00000008 pcs_button_config
                            *COM*:00000008 CAN0_txd_config
                            *COM*:00000008 CAN0_rxd_config
                            *COM*:0000000c can_baud
                            *COM*:00000020 msgObjToPCS
                            *COM*:00000020 msgObjFromPCS
                            *COM*:00000008 tx_genix_config
                            *COM*:00000008 rx_genix_config
                            *COM*:0000000c uart_genix_config
                            *COM*:00000008 led
                            *COM*:00000008 button
                            *COM*:00000008 dipswitch_config
                            *COM*:00000018 g_global_handle
                            *COM*:00000014 g_group_handle
                            *COM*:0000000c g_queue_handle
                            *COM*:00000010 g_queue_entry
                            *COM*:00000040 g_channel_handle
                            *COM*:00000010 g_result_handle
                            *COM*:00000008 adc_io
                            *COM*:00000008 relay_KMP
                            *COM*:00000008 relay_KMF
                            *COM*:00000008 relay_KDSG
                            *COM*:00000008 relay_KBAT
                            *COM*:00000008 SLICE0_config
                            *COM*:00000008 SLICE1_config
                            *COM*:00000008 SLICE2_config
                            *COM*:00000006 sysTickParamHandle
                            *COM*:00000004 pcsBmsStatus
                            *COM*:00000008 bmsSensor
                            *COM*:00000008 pcsVoltages
                            *COM*:00000008 pcsCurrents
                            *COM*:00000008 pcsPowers
                            *COM*:00000004 pcsMiscs
                            *COM*:00000005 pcsSystemStatus
                            *COM*:00000004 pcsDCgridStatus
                            *COM*:00000004 pcsACinvStatus
                            *COM*:00000004 pcsPVconvStatus
                            *COM*:00000004 pcsBatconvStatus
                            *COM*:00000050 data_group
                            *COM*:00000004 buffptr
                            *COM*:00000050 espBuffer
                            *COM*:00000008 pduSensorRaw
                            *COM*:00000014 pduSensorAvg
                            *COM*:00000010 pduSensor
                            *COM*:00000008 genix_data

NO UNDEFINED SYMBOLS
